{
  "stats": {
    "suites": 0,
    "tests": 1,
    "passes": 1,
    "pending": 0,
    "failures": 0,
    "start": "2023-02-22T13:22:44.008Z",
    "end": "2023-02-22T13:22:46.379Z",
    "duration": 2371,
    "testsRegistered": 1,
    "passPercent": 100,
    "pendingPercent": 0,
    "other": 0,
    "hasOther": false,
    "skipped": 0,
    "hasSkipped": false
  },
  "results": [
    {
      "uuid": "9177441d-22b1-4228-9a1e-a08373f84c0e",
      "title": "",
      "fullFile": "cypress\\e2e\\logintest.cy.ts",
      "file": "cypress\\e2e\\logintest.cy.ts",
      "beforeHooks": [],
      "afterHooks": [],
      "tests": [
        {
          "title": "login#test",
          "fullTitle": "login#test",
          "timedOut": null,
          "duration": 670,
          "state": "passed",
          "speed": "fast",
          "pass": true,
          "fail": false,
          "pending": false,
          "context": null,
          "code": "loginPage.navigate('https://trytestingthis.netlify.app/');\nloginPage.enterUsrName('test');\nloginPage.enterPwd('test');\nloginPage.clickLogin();",
          "err": {},
          "uuid": "fe41cee4-a107-43cc-872d-b303b24477f6",
          "parentUUID": "9177441d-22b1-4228-9a1e-a08373f84c0e",
          "isHook": false,
          "skipped": false
        }
      ],
      "suites": [],
      "passes": [
        "fe41cee4-a107-43cc-872d-b303b24477f6"
      ],
      "failures": [],
      "pending": [],
      "skipped": [],
      "duration": 670,
      "root": true,
      "rootEmpty": false,
      "_timeout": 2000
    }
  ],
  "meta": {
    "mocha": {
      "version": "7.0.1"
    },
    "mochawesome": {
      "options": {
        "quiet": false,
        "reportFilename": "mochawesome",
        "saveHtml": true,
        "saveJson": true,
        "consoleReporter": "spec",
        "useInlineDiffs": false,
        "code": true
      },
      "version": "7.1.3"
    },
    "marge": {
      "options": {
        "charts": true,
        "overwrite": false,
        "json": true,
        "html": true,
        "reportDir": "cypress/reports"
      },
      "version": "6.2.0"
    }
  }
}