{
  "stats": {
    "suites": 0,
    "tests": 1,
    "passes": 1,
    "pending": 0,
    "failures": 0,
    "start": "2023-02-14T11:21:37.624Z",
    "end": "2023-02-14T11:21:40.755Z",
    "duration": 3131,
    "testsRegistered": 1,
    "passPercent": 100,
    "pendingPercent": 0,
    "other": 0,
    "hasOther": false,
    "skipped": 0,
    "hasSkipped": false
  },
  "results": [
    {
      "uuid": "4db4a0e5-d9ea-4884-8bc7-bb24f4950597",
      "title": "",
      "fullFile": "cypress\\e2e\\logintest.cy.ts",
      "file": "cypress\\e2e\\logintest.cy.ts",
      "beforeHooks": [],
      "afterHooks": [],
      "tests": [
        {
          "title": "login test",
          "fullTitle": "login test",
          "timedOut": null,
          "duration": 1052,
          "state": "passed",
          "speed": "fast",
          "pass": true,
          "fail": false,
          "pending": false,
          "context": null,
          "code": "loginPage.navigate('https://trytestingthis.netlify.app/');\nloginPage.enterUsrName('test');\nloginPage.enterPwd('test');\nloginPage.clickLogin();",
          "err": {},
          "uuid": "da6b82ed-606e-498c-af8f-9fe78be90245",
          "parentUUID": "4db4a0e5-d9ea-4884-8bc7-bb24f4950597",
          "isHook": false,
          "skipped": false
        }
      ],
      "suites": [],
      "passes": [
        "da6b82ed-606e-498c-af8f-9fe78be90245"
      ],
      "failures": [],
      "pending": [],
      "skipped": [],
      "duration": 1052,
      "root": true,
      "rootEmpty": false,
      "_timeout": 2000
    }
  ],
  "meta": {
    "mocha": {
      "version": "7.0.1"
    },
    "mochawesome": {
      "options": {
        "quiet": false,
        "reportFilename": "mochawesome",
        "saveHtml": true,
        "saveJson": true,
        "consoleReporter": "spec",
        "useInlineDiffs": false,
        "code": true
      },
      "version": "7.1.3"
    },
    "marge": {
      "options": {
        "charts": true,
        "overwrite": false,
        "json": true,
        "reportDir": "cypress/reports"
      },
      "version": "6.2.0"
    }
  }
}