{
  "stats": {
    "suites": 0,
    "tests": 1,
    "passes": 1,
    "pending": 0,
    "failures": 0,
    "start": "2023-02-22T12:58:58.319Z",
    "end": "2023-02-22T12:59:01.342Z",
    "duration": 3023,
    "testsRegistered": 1,
    "passPercent": 100,
    "pendingPercent": 0,
    "other": 0,
    "hasOther": false,
    "skipped": 0,
    "hasSkipped": false
  },
  "results": [
    {
      "uuid": "b6a8a3f2-7b24-400a-9b87-024a325743b4",
      "title": "",
      "fullFile": "cypress\\e2e\\logintest.cy.ts",
      "file": "cypress\\e2e\\logintest.cy.ts",
      "beforeHooks": [],
      "afterHooks": [],
      "tests": [
        {
          "title": "login#test",
          "fullTitle": "login#test",
          "timedOut": null,
          "duration": 1205,
          "state": "passed",
          "speed": "fast",
          "pass": true,
          "fail": false,
          "pending": false,
          "context": null,
          "code": "loginPage.navigate('https://trytestingthis.netlify.app/');\nloginPage.enterUsrName('test');\nloginPage.enterPwd('test');\nloginPage.clickLogin();",
          "err": {},
          "uuid": "c059ce1d-a03a-4722-8747-ab89f91150cb",
          "parentUUID": "b6a8a3f2-7b24-400a-9b87-024a325743b4",
          "isHook": false,
          "skipped": false
        }
      ],
      "suites": [],
      "passes": [
        "c059ce1d-a03a-4722-8747-ab89f91150cb"
      ],
      "failures": [],
      "pending": [],
      "skipped": [],
      "duration": 1205,
      "root": true,
      "rootEmpty": false,
      "_timeout": 2000
    }
  ],
  "meta": {
    "mocha": {
      "version": "7.0.1"
    },
    "mochawesome": {
      "options": {
        "quiet": false,
        "reportFilename": "mochawesome",
        "saveHtml": true,
        "saveJson": true,
        "consoleReporter": "spec",
        "useInlineDiffs": false,
        "code": true
      },
      "version": "7.1.3"
    },
    "marge": {
      "options": {
        "charts": true,
        "overwrite": false,
        "json": true,
        "reportDir": "cypress/reports"
      },
      "version": "6.2.0"
    }
  }
}