{
  "stats": {
    "suites": 0,
    "tests": 1,
    "passes": 1,
    "pending": 0,
    "failures": 0,
    "start": "2023-02-22T12:58:52.911Z",
    "end": "2023-02-22T12:58:55.370Z",
    "duration": 2459,
    "testsRegistered": 1,
    "passPercent": 100,
    "pendingPercent": 0,
    "other": 0,
    "hasOther": false,
    "skipped": 0,
    "hasSkipped": false
  },
  "results": [
    {
      "uuid": "a89be0c1-b9b3-404e-ac6d-b7827c988e67",
      "title": "",
      "fullFile": "cypress\\e2e\\basic.cy.ts",
      "file": "cypress\\e2e\\basic.cy.ts",
      "beforeHooks": [],
      "afterHooks": [],
      "tests": [
        {
          "title": "google test",
          "fullTitle": "google test",
          "timedOut": null,
          "duration": 839,
          "state": "passed",
          "speed": "fast",
          "pass": true,
          "fail": false,
          "pending": false,
          "context": null,
          "code": "cy.visit('example.cypress.io');\ncy.contains('get').click();\ncy.get('#query-btn')\n    .should('contain', 'Button')\n    .should('have.class', 'query-btn btn btn-primary')\n    .should('be.visible');\ncy.get('#query-btn').invoke('attr', 'id')\n    .should('equal', 'query-btn');",
          "err": {},
          "uuid": "caa7dc4d-0921-4d7c-a91e-051b54a4426a",
          "parentUUID": "a89be0c1-b9b3-404e-ac6d-b7827c988e67",
          "isHook": false,
          "skipped": false
        }
      ],
      "suites": [],
      "passes": [
        "caa7dc4d-0921-4d7c-a91e-051b54a4426a"
      ],
      "failures": [],
      "pending": [],
      "skipped": [],
      "duration": 839,
      "root": true,
      "rootEmpty": false,
      "_timeout": 2000
    }
  ],
  "meta": {
    "mocha": {
      "version": "7.0.1"
    },
    "mochawesome": {
      "options": {
        "quiet": false,
        "reportFilename": "mochawesome",
        "saveHtml": true,
        "saveJson": true,
        "consoleReporter": "spec",
        "useInlineDiffs": false,
        "code": true
      },
      "version": "7.1.3"
    },
    "marge": {
      "options": {
        "charts": true,
        "overwrite": false,
        "json": true,
        "reportDir": "cypress/reports"
      },
      "version": "6.2.0"
    }
  }
}